# JRE version: Java(TM) SE Runtime Environment (7.0_67-b01) (build 1.7.0_67-b01)
# Java VM: Java HotSpot(TM) Client VM (24.65-b04 mixed mode windows-x86 )
Heap
 def new generation   total 4928K, used 3232K [0x04a00000, 0x04f50000, 0x09f50000)
  eden space 4416K,  72% used [0x04a00000, 0x04d200f0, 0x04e50000)
  from space 512K,   6% used [0x04e50000, 0x04e58218, 0x04ed0000)
  to   space 512K,   0% used [0x04ed0000, 0x04ed0000, 0x04f50000)
 tenured generation   total 10944K, used 7641K [0x09f50000, 0x0aa00000, 0x14a00000)
   the space 10944K,  69% used [0x09f50000, 0x0a6c6718, 0x0a6c6800, 0x0aa00000)
 compacting perm gen  total 12288K, used 9083K [0x14a00000, 0x15600000, 0x18a00000)
   the space 12288K,  73% used [0x14a00000, 0x152dede8, 0x152dee00, 0x15600000)
GC Heap History (10 events):
Event: 181.746 GC heap before
{Heap before GC invocations=197 (full 0):
 def new generation   total 4928K, used 4448K [0x04a00000, 0x04f50000, 0x09f50000)
  eden space 4416K, 100% used [0x04a00000, 0x04e50000, 0x04e50000)
  from space 512K,   6% used [0x04ed0000, 0x04ed81b8, 0x04f50000)
  to   space 512K,   0% used [0x04e50000, 0x04e50000, 0x04ed0000)
 tenured generation   total 10944K, used 7631K [0x09f50000, 0x0aa00000, 0x14a00000)
   the space 10944K,  69% used [0x09f50000, 0x0a6c3d58, 0x0a6c3e00, 0x0aa00000)
 compacting perm gen  total 12288K, used 9083K [0x14a00000, 0x15600000, 0x18a00000)
   the space 12288K,  73% used [0x14a00000, 0x152dede8, 0x152dee00, 0x15600000)
No shared spaces configured.
Event: 181.746 GC heap after
Heap after GC invocations=198 (full 0):
 def new generation   total 4928K, used 33K [0x04a00000, 0x04f50000, 0x09f50000)
  eden space 4416K,   0% used [0x04a00000, 0x04a00000, 0x04e50000)
  from space 512K,   6% used [0x04e50000, 0x04e584d8, 0x04ed0000)
  to   space 512K,   0% used [0x04ed0000, 0x04ed0000, 0x04f50000)
 tenured generation   total 10944K, used 7633K [0x09f50000, 0x0aa00000, 0x14a00000)
   the space 10944K,  69% used [0x09f50000, 0x0a6c4490, 0x0a6c4600, 0x0aa00000)
 compacting perm gen  total 12288K, used 9083K [0x14a00000, 0x15600000, 0x18a00000)
   the space 12288K,  73% used [0x14a00000, 0x152dede8, 0x152dee00, 0x15600000)
No shared spaces configured.
}
Event: 182.627 GC heap before
{Heap before GC invocations=198 (full 0):
 def new generation   total 4928K, used 4449K [0x04a00000, 0x04f50000, 0x09f50000)
  eden space 4416K, 100% used [0x04a00000, 0x04e50000, 0x04e50000)
  from space 512K,   6% used [0x04e50000, 0x04e584d8, 0x04ed0000)
  to   space 512K,   0% used [0x04ed0000, 0x04ed0000, 0x04f50000)
 tenured generation   total 10944K, used 7633K [0x09f50000, 0x0aa00000, 0x14a00000)
   the space 10944K,  69% used [0x09f50000, 0x0a6c4490, 0x0a6c4600, 0x0aa00000)
 compacting perm gen  total 12288K, used 9083K [0x14a00000, 0x15600000, 0x18a00000)
   the space 12288K,  73% used [0x14a00000, 0x152dede8, 0x152dee00, 0x15600000)
No shared spaces configured.
Event: 182.628 GC heap after
Heap after GC invocations=199 (full 0):
 def new generation   total 4928K, used 32K [0x04a00000, 0x04f50000, 0x09f50000)
  eden space 4416K,   0% used [0x04a00000, 0x04a00000, 0x04e50000)
  from space 512K,   6% used [0x04ed0000, 0x04ed83f8, 0x04f50000)
  to   space 512K,   0% used [0x04e50000, 0x04e50000, 0x04ed0000)
 tenured generation   total 10944K, used 7635K [0x09f50000, 0x0aa00000, 0x14a00000)
   the space 10944K,  69% used [0x09f50000, 0x0a6c4d98, 0x0a6c4e00, 0x0aa00000)
 compacting perm gen  total 12288K, used 9083K [0x14a00000, 0x15600000, 0x18a00000)
   the space 12288K,  73% used [0x14a00000, 0x152dede8, 0x152dee00, 0x15600000)
No shared spaces configured.
}
Event: 183.585 GC heap before
{Heap before GC invocations=199 (full 0):
 def new generation   total 4928K, used 4448K [0x04a00000, 0x04f50000, 0x09f50000)
  eden space 4416K, 100% used [0x04a00000, 0x04e50000, 0x04e50000)
  from space 512K,   6% used [0x04ed0000, 0x04ed83f8, 0x04f50000)
  to   space 512K,   0% used [0x04e50000, 0x04e50000, 0x04ed0000)
 tenured generation   total 10944K, used 7635K [0x09f50000, 0x0aa00000, 0x14a00000)
   the space 10944K,  69% used [0x09f50000, 0x0a6c4d98, 0x0a6c4e00, 0x0aa00000)
 compacting perm gen  total 12288K, used 9083K [0x14a00000, 0x15600000, 0x18a00000)
   the space 12288K,  73% used [0x14a00000, 0x152dede8, 0x152dee00, 0x15600000)
No shared spaces configured.
Event: 183.586 GC heap after
Heap after GC invocations=200 (full 0):
 def new generation   total 4928K, used 33K [0x04a00000, 0x04f50000, 0x09f50000)
  eden space 4416K,   0% used [0x04a00000, 0x04a00000, 0x04e50000)
  from space 512K,   6% used [0x04e50000, 0x04e58440, 0x04ed0000)
  to   space 512K,   0% used [0x04ed0000, 0x04ed0000, 0x04f50000)
 tenured generation   total 10944K, used 7637K [0x09f50000, 0x0aa00000, 0x14a00000)
   the space 10944K,  69% used [0x09f50000, 0x0a6c55b8, 0x0a6c5600, 0x0aa00000)
 compacting perm gen  total 12288K, used 9083K [0x14a00000, 0x15600000, 0x18a00000)
   the space 12288K,  73% used [0x14a00000, 0x152dede8, 0x152dee00, 0x15600000)
No shared spaces configured.
}
Event: 184.407 GC heap before
{Heap before GC invocations=200 (full 0):
 def new generation   total 4928K, used 4449K [0x04a00000, 0x04f50000, 0x09f50000)
  eden space 4416K, 100% used [0x04a00000, 0x04e50000, 0x04e50000)
  from space 512K,   6% used [0x04e50000, 0x04e58440, 0x04ed0000)
  to   space 512K,   0% used [0x04ed0000, 0x04ed0000, 0x04f50000)
 tenured generation   total 10944K, used 7637K [0x09f50000, 0x0aa00000, 0x14a00000)
   the space 10944K,  69% used [0x09f50000, 0x0a6c55b8, 0x0a6c5600, 0x0aa00000)
 compacting perm gen  total 12288K, used 9083K [0x14a00000, 0x15600000, 0x18a00000)
   the space 12288K,  73% used [0x14a00000, 0x152dede8, 0x152dee00, 0x15600000)
No shared spaces configured.
Event: 184.407 GC heap after
Heap after GC invocations=201 (full 0):
 def new generation   total 4928K, used 32K [0x04a00000, 0x04f50000, 0x09f50000)
  eden space 4416K,   0% used [0x04a00000, 0x04a00000, 0x04e50000)
  from space 512K,   6% used [0x04ed0000, 0x04ed83d0, 0x04f50000)
  to   space 512K,   0% used [0x04e50000, 0x04e50000, 0x04ed0000)
 tenured generation   total 10944K, used 7639K [0x09f50000, 0x0aa00000, 0x14a00000)
   the space 10944K,  69% used [0x09f50000, 0x0a6c5ef8, 0x0a6c6000, 0x0aa00000)
 compacting perm gen  total 12288K, used 9083K [0x14a00000, 0x15600000, 0x18a00000)
   the space 12288K,  73% used [0x14a00000, 0x152dede8, 0x152dee00, 0x15600000)
No shared spaces configured.
}
Event: 185.294 GC heap before
{Heap before GC invocations=201 (full 0):
 def new generation   total 4928K, used 4448K [0x04a00000, 0x04f50000, 0x09f50000)
  eden space 4416K, 100% used [0x04a00000, 0x04e50000, 0x04e50000)
  from space 512K,   6% used [0x04ed0000, 0x04ed83d0, 0x04f50000)
  to   space 512K,   0% used [0x04e50000, 0x04e50000, 0x04ed0000)
 tenured generation   total 10944K, used 7639K [0x09f50000, 0x0aa00000, 0x14a00000)
   the space 10944K,  69% used [0x09f50000, 0x0a6c5ef8, 0x0a6c6000, 0x0aa00000)
 compacting perm gen  total 12288K, used 9083K [0x14a00000, 0x15600000, 0x18a00000)
   the space 12288K,  73% used [0x14a00000, 0x152dede8, 0x152dee00, 0x15600000)
No shared spaces configured.
Event: 185.295 GC heap after
Heap after GC invocations=202 (full 0):
 def new generation   total 4928K, used 32K [0x04a00000, 0x04f50000, 0x09f50000)
  eden space 4416K,   0% used [0x04a00000, 0x04a00000, 0x04e50000)
  from space 512K,   6% used [0x04e50000, 0x04e58218, 0x04ed0000)
  to   space 512K,   0% used [0x04ed0000, 0x04ed0000, 0x04f50000)
 tenured generation   total 10944K, used 7641K [0x09f50000, 0x0aa00000, 0x14a00000)
   the space 10944K,  69% used [0x09f50000, 0x0a6c6718, 0x0a6c6800, 0x0aa00000)
 compacting perm gen  total 12288K, used 9083K [0x14a00000, 0x15600000, 0x18a00000)
   the space 12288K,  73% used [0x14a00000, 0x152dede8, 0x152dee00, 0x15600000)
No shared spaces configured.
}

